\BOOKMARK [0][-]{chapter.2}{\376\377\000I\000n\000t\000r\000o\000d\000u\000c\000t\000i\000o\000n}{}% 1
\BOOKMARK [1][-]{section.3}{\376\377\000A\000p\000p\000l\000i\000c\000a\000t\000i\000o\000n\000\040\000C\000o\000n\000t\000e\000x\000t}{chapter.2}% 2
\BOOKMARK [1][-]{section.4}{\376\377\000M\000o\000t\000i\000v\000a\000t\000i\000o\000n\000\040\000a\000n\000d\000\040\000O\000b\000j\000e\000c\000t\000i\000v\000e\000s}{chapter.2}% 3
\BOOKMARK [1][-]{section.5}{\376\377\000R\000e\000s\000u\000l\000t\000s}{chapter.2}% 4
\BOOKMARK [1][-]{section.6}{\376\377\000T\000h\000e\000s\000i\000s\000\040\000S\000t\000r\000u\000c\000t\000u\000r\000e\000\040\000a\000n\000d\000\040\000O\000r\000g\000a\000n\000i\000z\000a\000t\000i\000o\000n}{chapter.2}% 5
\BOOKMARK [0][-]{chapter.7}{\376\377\000B\000a\000c\000k\000g\000r\000o\000u\000n\000d\000\040\000a\000n\000d\000\040\000R\000e\000l\000a\000t\000e\000d\000\040\000W\000o\000r\000k}{}% 6
\BOOKMARK [1][-]{section.8}{\376\377\000C\000o\000d\000e\000\040\000r\000e\000a\000d\000a\000b\000i\000l\000i\000t\000y}{chapter.7}% 7
\BOOKMARK [1][-]{section.9}{\376\377\000M\000a\000c\000h\000i\000n\000e\000\040\000l\000e\000a\000r\000n\000i\000n\000g\000\040\000t\000o\000\040\000i\000m\000p\000r\000o\000v\000e\000\040\000c\000o\000d\000e\000\040\000r\000e\000a\000d\000a\000b\000i\000l\000i\000t\000y}{chapter.7}% 8
\BOOKMARK [0][-]{chapter.10}{\376\377\000E\000m\000p\000i\000r\000i\000c\000a\000l\000\040\000S\000t\000u\000d\000y\000\040\000D\000e\000s\000i\000g\000n}{}% 9
\BOOKMARK [1][-]{section.11}{\376\377\000E\000x\000p\000e\000r\000i\000m\000e\000n\000t\000a\000l\000\040\000P\000r\000o\000c\000e\000d\000u\000r\000e}{chapter.10}% 10
\BOOKMARK [2][-]{subsection.13}{\376\377\000D\000a\000t\000a\000\040\000C\000o\000l\000l\000e\000c\000t\000i\000o\000n}{section.11}% 11
\BOOKMARK [2][-]{subsection.14}{\376\377\000D\000a\000t\000a\000\040\000P\000r\000e\000p\000r\000o\000c\000e\000s\000s\000i\000n\000g\000\040\000a\000n\000d\000\040\000D\000a\000t\000a\000s\000e\000t\000\040\000C\000r\000e\000a\000t\000i\000o\000n}{section.11}% 12
\BOOKMARK [3][-]{section*.15}{\376\377\000M\000e\000t\000h\000o\000d\000s\000\040\000E\000x\000t\000r\000a\000c\000t\000i\000o\000n}{subsection.14}% 13
\BOOKMARK [3][-]{section*.23}{\376\377\000R\000e\000a\000d\000a\000b\000i\000l\000i\000t\000y\000\040\000E\000v\000a\000l\000u\000a\000t\000i\000o\000n}{subsection.14}% 14
\BOOKMARK [3][-]{section*.34}{\376\377\000D\000a\000t\000a\000\040\000F\000i\000l\000t\000e\000r\000i\000n\000g\000\040\000a\000n\000d\000\040\000L\000a\000b\000e\000l\000i\000n\000g}{subsection.14}% 15
\BOOKMARK [3][-]{section*.36}{\376\377\000T\000o\000k\000e\000n\000i\000z\000a\000t\000i\000o\000n}{subsection.14}% 16
\BOOKMARK [2][-]{subsection.46}{\376\377\000M\000o\000d\000e\000l\000\040\000A\000p\000p\000l\000i\000c\000a\000t\000i\000o\000n}{section.11}% 17
\BOOKMARK [2][-]{subsection.47}{\376\377\000D\000a\000t\000a\000\040\000a\000n\000a\000l\000y\000s\000i\000s}{section.11}% 18
\BOOKMARK [0][-]{chapter.49}{\376\377\000R\000e\000s\000u\000l\000t\000s}{}% 19
\BOOKMARK [1][-]{section.51}{\376\377\000R\000Q\0001\000:\000\040\000C\000o\000d\000e\000\040\000R\000e\000a\000d\000a\000b\000i\000l\000i\000t\000y\000\040\000I\000m\000p\000r\000o\000v\000e\000m\000e\000n\000t}{chapter.49}% 20
\BOOKMARK [1][-]{section.123}{\376\377\000R\000Q\0002\000:\000\040\000B\000e\000h\000a\000v\000i\000o\000r\000\040\000C\000h\000a\000n\000g\000e\000s}{chapter.49}% 21
\BOOKMARK [0][-]{chapter.232}{\376\377\000T\000h\000r\000e\000a\000t\000s\000\040\000t\000o\000\040\000V\000a\000l\000i\000d\000i\000t\000y}{}% 22
\BOOKMARK [0][-]{chapter.233}{\376\377\000C\000o\000n\000c\000l\000u\000s\000i\000o\000n\000\040\000a\000n\000d\000\040\000F\000u\000t\000u\000r\000e\000\040\000W\000o\000r\000k}{}% 23
